[    0.000000] Linux version 4.15.0-96-generic (buildd@lgw01-amd64-004) (gcc version 7.5.0 (Ubuntu 7.5.0-3ubuntu1~18.04)) #97-Ubuntu SMP Wed Apr 1 03:25:46 UTC 2020 (Ubuntu 4.15.0-96.97-generic 4.15.18)
[    0.000000] Command line: BOOT_IMAGE=/boot/vmlinuz-4.15.0-96-generic root=LABEL=cloudimg-rootfs ro console=tty1 console=ttyS0
[    0.000000] KERNEL supported cpus:
[    0.000000]   Intel GenuineIntel
[    0.000000]   AMD AuthenticAMD
[    0.000000]   Centaur CentaurHauls
[    0.000000] x86/fpu: Supporting XSAVE feature 0x001: 'x87 floating point registers'
[    0.000000] x86/fpu: Supporting XSAVE feature 0x002: 'SSE registers'
[    0.000000] x86/fpu: Supporting XSAVE feature 0x004: 'AVX registers'
[    0.000000] x86/fpu: xstate_offset[2]:  576, xstate_sizes[2]:  256
[    0.000000] x86/fpu: Enabled xstate features 0x7, context size is 832 bytes, using 'standard' format.
[    0.000000] e820: BIOS-provided physical RAM map:
[    0.000000] BIOS-e820: [mem 0x0000000000000000-0x000000000009fbff] usable
[    0.000000] BIOS-e820: [mem 0x000000000009fc00-0x000000000009ffff] reserved
[    0.000000] BIOS-e820: [mem 0x00000000000f0000-0x00000000000fffff] reserved
[    0.000000] BIOS-e820: [mem 0x0000000000100000-0x000000007ffeffff] usable
[    0.000000] BIOS-e820: [mem 0x000000007fff0000-0x000000007fffffff] ACPI data
[    0.000000] BIOS-e820: [mem 0x00000000fec00000-0x00000000fec00fff] reserved
[    0.000000] BIOS-e820: [mem 0x00000000fee00000-0x00000000fee00fff] reserved
[    0.000000] BIOS-e820: [mem 0x00000000fffc0000-0x00000000ffffffff] reserved
[    0.000000] NX (Execute Disable) protection: active
[    0.000000] SMBIOS 2.5 present.
[    0.000000] DMI: innotek GmbH VirtualBox/VirtualBox, BIOS VirtualBox 12/01/2006
[    0.000000] Hypervisor detected: KVM
[    0.000000] e820: last_pfn = 0x7fff0 max_arch_pfn = 0x400000000
[    0.000000] MTRR: Disabled
[    0.000000] x86/PAT: MTRRs disabled, skipping PAT initialization too.
[    0.000000] CPU MTRRs all blank - virtualized system.
[    0.000000] x86/PAT: Configuration [0-7]: WB  WT  UC- UC  WB  WT  UC- UC  
[    0.000000] found SMP MP-table at [mem 0x0009fff0-0x0009ffff]
[    0.000000] Scanning 1 areas for low memory corruption
[    0.000000] RAMDISK: [mem 0x35a6b000-0x36d2cfff]
[    0.000000] ACPI: Early table checksum verification disabled
[    0.000000] ACPI: RSDP 0x00000000000E0000 000024 (v02 VBOX  )
[    0.000000] ACPI: XSDT 0x000000007FFF0030 00003C (v01 VBOX   VBOXXSDT 00000001 ASL  00000061)
[    0.000000] ACPI: FACP 0x000000007FFF00F0 0000F4 (v04 VBOX   VBOXFACP 00000001 ASL  00000061)
[    0.000000] ACPI: DSDT 0x000000007FFF0470 002325 (v02 VBOX   VBOXBIOS 00000002 INTL 20100528)
[    0.000000] ACPI: FACS 0x000000007FFF0200 000040
[    0.000000] ACPI: FACS 0x000000007FFF0200 000040
[    0.000000] ACPI: APIC 0x000000007FFF0240 00005C (v02 VBOX   VBOXAPIC 00000001 ASL  00000061)
[    0.000000] ACPI: SSDT 0x000000007FFF02A0 0001CC (v01 VBOX   VBOXCPUT 00000002 INTL 20100528)
[    0.000000] No NUMA configuration found
[    0.000000] Faking a node at [mem 0x0000000000000000-0x000000007ffeffff]
[    0.000000] NODE_DATA(0) allocated [mem 0x7ffc5000-0x7ffeffff]
[    0.000000] kvm-clock: cpu 0, msr 0:7ff44001, primary cpu clock
[    0.000000] kvm-clock: Using msrs 4b564d01 and 4b564d00
[    0.000000] kvm-clock: using sched offset of 4271307089 cycles
[    0.000000] clocksource: kvm-clock: mask: 0xffffffffffffffff max_cycles: 0x1cd42e4dffb, max_idle_ns: 881590591483 ns
[    0.000000] Zone ranges:
[    0.000000]   DMA      [mem 0x0000000000001000-0x0000000000ffffff]
[    0.000000]   DMA32    [mem 0x0000000001000000-0x000000007ffeffff]
[    0.000000]   Normal   empty
[    0.000000]   Device   empty
[    0.000000] Movable zone start for each node
[    0.000000] Early memory node ranges
[    0.000000]   node   0: [mem 0x0000000000001000-0x000000000009efff]
[    0.000000]   node   0: [mem 0x0000000000100000-0x000000007ffeffff]
[    0.000000] Reserved but unavailable: 98 pages
[    0.000000] Initmem setup node 0 [mem 0x0000000000001000-0x000000007ffeffff]
[    0.000000] ACPI: PM-Timer IO Port: 0x4008
[    0.000000] IOAPIC[0]: apic_id 2, version 32, address 0xfec00000, GSI 0-23
[    0.000000] ACPI: INT_SRC_OVR (bus 0 bus_irq 0 global_irq 2 dfl dfl)
[    0.000000] ACPI: INT_SRC_OVR (bus 0 bus_irq 9 global_irq 9 low level)
[    0.000000] Using ACPI (MADT) for SMP configuration information
[    0.000000] smpboot: Allowing 2 CPUs, 0 hotplug CPUs
[    0.000000] PM: Registered nosave memory: [mem 0x00000000-0x00000fff]
[    0.000000] PM: Registered nosave memory: [mem 0x0009f000-0x0009ffff]
[    0.000000] PM: Registered nosave memory: [mem 0x000a0000-0x000effff]
[    0.000000] PM: Registered nosave memory: [mem 0x000f0000-0x000fffff]
[    0.000000] e820: [mem 0x80000000-0xfebfffff] available for PCI devices
[    0.000000] Booting paravirtualized kernel on KVM
[    0.000000] clocksource: refined-jiffies: mask: 0xffffffff max_cycles: 0xffffffff, max_idle_ns: 7645519600211568 ns
[    0.000000] random: get_random_bytes called from start_kernel+0x99/0x4fd with crng_init=0
[    0.000000] setup_percpu: NR_CPUS:8192 nr_cpumask_bits:2 nr_cpu_ids:2 nr_node_ids:1
[    0.000000] percpu: Embedded 45 pages/cpu s147456 r8192 d28672 u1048576
[    0.000000] PV qspinlock hash table entries: 256 (order: 0, 4096 bytes)
[    0.000000] Built 1 zonelists, mobility grouping on.  Total pages: 515961
[    0.000000] Policy zone: DMA32
[    0.000000] Kernel command line: BOOT_IMAGE=/boot/vmlinuz-4.15.0-96-generic root=LABEL=cloudimg-rootfs ro console=tty1 console=ttyS0
[    0.000000] Memory: 2015252K/2096696K available (12300K kernel code, 2481K rwdata, 4264K rodata, 2432K init, 2712K bss, 81444K reserved, 0K cma-reserved)
[    0.000000] SLUB: HWalign=64, Order=0-3, MinObjects=0, CPUs=2, Nodes=1
[    0.000000] Kernel/User page tables isolation: enabled
[    0.000000] ftrace: allocating 39351 entries in 154 pages
[    0.004000] Hierarchical RCU implementation.
[    0.004000] 	RCU restricting CPUs from NR_CPUS=8192 to nr_cpu_ids=2.
[    0.004000] 	Tasks RCU enabled.
[    0.004000] RCU: Adjusting geometry for rcu_fanout_leaf=16, nr_cpu_ids=2
[    0.004000] NR_IRQS: 524544, nr_irqs: 440, preallocated irqs: 16
[    0.004000] Console: colour VGA+ 80x25
[    0.004000] console [tty1] enabled
[    0.004000] console [ttyS0] enabled
[    0.004000] ACPI: Core revision 20170831
[    0.004000] ACPI: 2 ACPI AML tables successfully acquired and loaded
[    0.004000] APIC: Switch to symmetric I/O mode setup
[    0.004000] x2apic enabled
[    0.004000] Switched APIC routing to physical x2apic.
[    0.004000] ..TIMER: vector=0x30 apic1=0 pin1=2 apic2=-1 pin2=-1
[    0.004006] tsc: Detected 2194.918 MHz processor
[    0.005175] Calibrating delay loop (skipped) preset value.. 4389.83 BogoMIPS (lpj=8779672)
[    0.008004] pid_max: default: 32768 minimum: 301
[    0.009045] Security Framework initialized
[    0.009966] Yama: becoming mindful.
[    0.010730] AppArmor: AppArmor initialized
[    0.013477] Dentry cache hash table entries: 262144 (order: 9, 2097152 bytes)
[    0.017447] Inode-cache hash table entries: 131072 (order: 8, 1048576 bytes)
[    0.019177] Mount-cache hash table entries: 4096 (order: 3, 32768 bytes)
[    0.020023] Mountpoint-cache hash table entries: 4096 (order: 3, 32768 bytes)
[    0.021686] Last level iTLB entries: 4KB 1024, 2MB 1024, 4MB 1024
[    0.024003] Last level dTLB entries: 4KB 1024, 2MB 1024, 4MB 1024, 1GB 4
[    0.025757] Spectre V1 : Mitigation: usercopy/swapgs barriers and __user pointer sanitization
[    0.028004] Spectre V2 : Mitigation: Full generic retpoline
[    0.029296] Spectre V2 : Spectre v2 / SpectreRSB mitigation: Filling RSB on context switch
[    0.031123] Speculative Store Bypass: Vulnerable
[    0.032059] MDS: Mitigation: Clear CPU buffers
[    0.033259] Freeing SMP alternatives memory: 36K
[    0.145552] smpboot: CPU0: Intel(R) Core(TM) i7-4770HQ CPU @ 2.20GHz (family: 0x6, model: 0x46, stepping: 0x1)
[    0.148000] Performance Events: unsupported p6 CPU model 70 no PMU driver, software events only.
[    0.148034] Hierarchical SRCU implementation.
[    0.149704] NMI watchdog: Perf event create on CPU 0 failed with -2
[    0.152003] NMI watchdog: Perf NMI watchdog permanently disabled
[    0.153476] smp: Bringing up secondary CPUs ...
[    0.154496] x86: Booting SMP configuration:
[    0.155379] .... node  #0, CPUs:      #1
[    0.004000] kvm-clock: cpu 1, msr 0:7ff44041, secondary cpu clock
[    0.160027] smp: Brought up 1 node, 2 CPUs
[    0.160913] smpboot: Max logical packages: 1
[    0.162381] smpboot: Total of 2 processors activated (8779.67 BogoMIPS)
[    0.164048] devtmpfs: initialized
[    0.164833] x86/mm: Memory block size: 128MB
[    0.165960] evm: security.selinux
[    0.166746] evm: security.SMACK64
[    0.167538] evm: security.SMACK64EXEC
[    0.168005] evm: security.SMACK64TRANSMUTE
[    0.168877] evm: security.SMACK64MMAP
[    0.169652] evm: security.apparmor
[    0.170378] evm: security.ima
[    0.171022] evm: security.capability
[    0.172091] clocksource: jiffies: mask: 0xffffffff max_cycles: 0xffffffff, max_idle_ns: 7645041785100000 ns
[    0.173983] futex hash table entries: 512 (order: 3, 32768 bytes)
[    0.176017] pinctrl core: initialized pinctrl subsystem
[    0.177186] RTC time: 20:22:16, date: 05/11/20
[    0.178296] NET: Registered protocol family 16
[    0.179322] audit: initializing netlink subsys (disabled)
[    0.180026] audit: type=2000 audit(1589228542.135:1): state=initialized audit_enabled=0 res=1
[    0.181874] cpuidle: using governor ladder
[    0.181874] cpuidle: using governor menu
[    0.184036] ACPI: bus type PCI registered
[    0.184989] acpiphp: ACPI Hot Plug PCI Controller Driver version: 0.5
[    0.186719] PCI: Using configuration type 1 for base access
[    0.189307] HugeTLB registered 2.00 MiB page size, pre-allocated 0 pages
[    0.192092] ACPI: Added _OSI(Module Device)
[    0.193011] ACPI: Added _OSI(Processor Device)
[    0.193981] ACPI: Added _OSI(3.0 _SCP Extensions)
[    0.196003] ACPI: Added _OSI(Processor Aggregator Device)
[    0.197106] ACPI: Added _OSI(Linux-Dell-Video)
[    0.198030] ACPI: Added _OSI(Linux-Lenovo-NV-HDMI-Audio)
[    0.199141] ACPI: Added _OSI(Linux-HPI-Hybrid-Graphics)
[    0.200397] ACPI: Executed 1 blocks of module-level executable AML code
[    0.205266] ACPI: Interpreter enabled
[    0.206098] ACPI: (supports S0 S5)
[    0.206912] ACPI: Using IOAPIC for interrupt routing
[    0.208235] PCI: Using host bridge windows from ACPI; if necessary, use "pci=nocrs" and report a bug
[    0.210419] ACPI: Enabled 2 GPEs in block 00 to 07
[    0.219504] ACPI: PCI Root Bridge [PCI0] (domain 0000 [bus 00-ff])
[    0.220008] acpi PNP0A03:00: _OSC: OS supports [ASPM ClockPM Segments MSI]
[    0.221886] acpi PNP0A03:00: _OSC: not requesting OS control; OS requires [ExtendedConfig ASPM ClockPM MSI]
[    0.224013] acpi PNP0A03:00: fail to add MMCONFIG information, can't access extended PCI configuration space under this bridge.
[    0.228184] PCI host bridge to bus 0000:00
[    0.229228] pci_bus 0000:00: root bus resource [io  0x0000-0x0cf7 window]
[    0.230641] pci_bus 0000:00: root bus resource [io  0x0d00-0xffff window]
[    0.232000] pci_bus 0000:00: root bus resource [mem 0x000a0000-0x000bffff window]
[    0.232006] pci_bus 0000:00: root bus resource [mem 0x80000000-0xfdffffff window]
[    0.233606] pci_bus 0000:00: root bus resource [bus 00-ff]
[    0.238780] pci 0000:00:01.1: legacy IDE quirk: reg 0x10: [io  0x01f0-0x01f7]
[    0.240003] pci 0000:00:01.1: legacy IDE quirk: reg 0x14: [io  0x03f6]
[    0.241585] pci 0000:00:01.1: legacy IDE quirk: reg 0x18: [io  0x0170-0x0177]
[    0.243269] pci 0000:00:01.1: legacy IDE quirk: reg 0x1c: [io  0x0376]
[    0.268947] pci 0000:00:07.0: quirk: [io  0x4000-0x403f] claimed by PIIX4 ACPI
[    0.270545] pci 0000:00:07.0: quirk: [io  0x4100-0x410f] claimed by PIIX4 SMB
[    0.286328] ACPI: PCI Interrupt Link [LNKA] (IRQs 5 9 10 *11)
[    0.287828] ACPI: PCI Interrupt Link [LNKB] (IRQs 5 9 *10 11)
[    0.288132] ACPI: PCI Interrupt Link [LNKC] (IRQs 5 *9 10 11)
[    0.289464] ACPI: PCI Interrupt Link [LNKD] (IRQs 5 9 10 *11)
[    0.292321] SCSI subsystem initialized
[    0.293378] pci 0000:00:02.0: vgaarb: setting as boot VGA device
[    0.293616] pci 0000:00:02.0: vgaarb: VGA device added: decodes=io+mem,owns=io+mem,locks=none
[    0.296021] pci 0000:00:02.0: vgaarb: bridge control possible
[    0.297270] vgaarb: loaded
[    0.297990] ACPI: bus type USB registered
[    0.300033] usbcore: registered new interface driver usbfs
[    0.301398] usbcore: registered new interface driver hub
[    0.303077] usbcore: registered new device driver usb
[    0.304074] EDAC MC: Ver: 3.0.0
[    0.305254] PCI: Using ACPI for IRQ routing
[    0.305394] NetLabel: Initializing
[    0.306140] NetLabel:  domain hash size = 128
[    0.308003] NetLabel:  protocols = UNLABELED CIPSOv4 CALIPSO
[    0.309174] NetLabel:  unlabeled traffic allowed by default
[    0.310335] clocksource: Switched to clocksource kvm-clock
[    0.322167] VFS: Disk quotas dquot_6.6.0
[    0.323157] VFS: Dquot-cache hash table entries: 512 (order 0, 4096 bytes)
[    0.324842] AppArmor: AppArmor Filesystem Enabled
[    0.325986] pnp: PnP ACPI init
[    0.328289] pnp: PnP ACPI: found 3 devices
[    0.337915] clocksource: acpi_pm: mask: 0xffffff max_cycles: 0xffffff, max_idle_ns: 2085701024 ns
[    0.339973] NET: Registered protocol family 2
[    0.341101] TCP established hash table entries: 16384 (order: 5, 131072 bytes)
[    0.342660] TCP bind hash table entries: 16384 (order: 6, 262144 bytes)
[    0.344120] TCP: Hash tables configured (established 16384 bind 16384)
[    0.347043] UDP hash table entries: 1024 (order: 3, 32768 bytes)
[    0.348488] UDP-Lite hash table entries: 1024 (order: 3, 32768 bytes)
[    0.349946] NET: Registered protocol family 1
[    0.350866] pci 0000:00:00.0: Limiting direct PCI/PCI transfers
[    0.352115] pci 0000:00:01.0: Activating ISA DMA hang workarounds
[    0.353417] pci 0000:00:02.0: Video device with shadowed ROM at [mem 0x000c0000-0x000dffff]
[    0.355237] Unpacking initramfs...
[    0.628134] Freeing initrd memory: 19208K
[    0.629212] clocksource: tsc: mask: 0xffffffffffffffff max_cycles: 0x1fa37202099, max_idle_ns: 440795206796 ns
[    0.631580] platform rtc_cmos: registered platform RTC device (no PNP device found)
[    0.633401] Scanning for low memory corruption every 60 seconds
[    0.635698] Initialise system trusted keyrings
[    0.636773] Key type blacklist registered
[    0.637756] workingset: timestamp_bits=36 max_order=19 bucket_order=0
[    0.639915] zbud: loaded
[    0.641255] squashfs: version 4.0 (2009/01/31) Phillip Lougher
[    0.642721] fuse init (API version 7.26)
[    0.646271] Key type asymmetric registered
[    0.647196] Asymmetric key parser 'x509' registered
[    0.648291] Block layer SCSI generic (bsg) driver version 0.4 loaded (major 246)
[    0.649920] io scheduler noop registered
[    0.650840] io scheduler deadline registered
[    0.651834] io scheduler cfq registered (default)
[    0.653385] ACPI: AC Adapter [AC] (on-line)
[    0.654329] input: Power Button as /devices/LNXSYSTM:00/LNXPWRBN:00/input/input0
[    0.655924] ACPI: Power Button [PWRF]
[    0.656916] input: Sleep Button as /devices/LNXSYSTM:00/LNXSLPBN:00/input/input1
[    0.658497] ACPI: Sleep Button [SLPF]
[    0.660180] Serial: 8250/16550 driver, 32 ports, IRQ sharing enabled
[    0.660734] ACPI: Battery Slot [BAT0] (battery present)
[    0.683441] 00:02: ttyS0 at I/O 0x3f8 (irq = 4, base_baud = 115200) is a 16550A
[    0.687783] Linux agpgart interface v0.103
[    0.692165] loop: module loaded
[    0.693571] scsi host0: ata_piix
[    0.694540] scsi host1: ata_piix
[    0.695368] ata1: PATA max UDMA/33 cmd 0x1f0 ctl 0x3f6 bmdma 0xd000 irq 14
[    0.697147] ata2: PATA max UDMA/33 cmd 0x170 ctl 0x376 bmdma 0xd008 irq 15
[    0.699481] libphy: Fixed MDIO Bus: probed
[    0.700466] tun: Universal TUN/TAP device driver, 1.6
[    0.701616] PPP generic driver version 2.4.2
[    0.702568] ehci_hcd: USB 2.0 'Enhanced' Host Controller (EHCI) Driver
[    0.704128] ehci-pci: EHCI PCI platform driver
[    0.705247] ehci-platform: EHCI generic platform driver
[    0.706554] ohci_hcd: USB 1.1 'Open' Host Controller (OHCI) Driver
[    0.708128] ohci-pci: OHCI PCI platform driver
[    0.709437] ohci-platform: OHCI generic platform driver
[    0.710609] uhci_hcd: USB Universal Host Controller Interface driver
[    0.711942] i8042: PNP: PS/2 Controller [PNP0303:PS2K,PNP0f03:PS2M] at 0x60,0x64 irq 1,12
[    0.714987] serio: i8042 KBD port at 0x60,0x64 irq 1
[    0.716328] serio: i8042 AUX port at 0x60,0x64 irq 12
[    0.717808] mousedev: PS/2 mouse device common for all mice
[    0.719284] input: AT Translated Set 2 keyboard as /devices/platform/i8042/serio0/input/input2
[    0.722019] rtc_cmos rtc_cmos: rtc core: registered rtc_cmos as rtc0
[    0.723526] rtc_cmos rtc_cmos: alarms up to one day, 114 bytes nvram
[    0.724970] i2c /dev entries driver
[    0.725778] device-mapper: uevent: version 1.0.3
[    0.726874] device-mapper: ioctl: 4.37.0-ioctl (2017-09-20) initialised: dm-devel@redhat.com
[    0.728820] ledtrig-cpu: registered to indicate activity on CPUs
[    0.731305] NET: Registered protocol family 10
[    0.737332] Segment Routing with IPv6
[    0.738246] NET: Registered protocol family 17
[    0.739364] Key type dns_resolver registered
[    0.740560] mce: Using 0 MCE banks
[    0.741308] RAS: Correctable Errors collector initialized.
[    0.742442] sched_clock: Marking stable (740534631, 0)->(921893642, -181359011)
[    0.744445] registered taskstats version 1
[    0.745317] Loading compiled-in X.509 certificates
[    0.749561] Loaded X.509 cert 'Build time autogenerated kernel key: 244b473b43e18b01f00e37a87f2ecd28620f0244'
[    0.751884] zswap: loaded using pool lzo/zbud
[    0.757082] Key type big_key registered
[    0.758048] Key type trusted registered
[    0.760577] Key type encrypted registered
[    0.761502] AppArmor: AppArmor sha1 policy hashing enabled
[    0.763172] ima: No TPM chip found, activating TPM-bypass! (rc=-19)
[    0.765059] ima: Allocated hash algorithm: sha1
[    0.766221] evm: HMAC attrs: 0x1
[    0.767366]   Magic number: 4:764:396
[    0.768508] rtc_cmos rtc_cmos: setting system clock to 2020-05-11 20:22:17 UTC (1589228537)
[    0.771054] BIOS EDD facility v0.16 2004-Jun-25, 0 devices found
[    0.772787] EDD information not available.
[    1.163599] Freeing unused kernel image memory: 2432K
[    1.538867] Write protecting the kernel read-only data: 20480k
[    1.541923] Freeing unused kernel image memory: 2008K
[    1.544043] Freeing unused kernel image memory: 1880K
[    1.552524] x86/mm: Checked W+X mappings: passed, no W+X pages found.
[    1.554068] x86/mm: Checking user space page tables
[    1.560477] x86/mm: Checked W+X mappings: passed, no W+X pages found.
Loading, please wait...
starting version 237
[    1.622818] e1000: Intel(R) PRO/1000 Network Driver - version 7.3.21-k8-NAPI
[    1.624502] e1000: Copyright (c) 1999-2006 Intel Corporation.
[    1.628679] Fusion MPT base driver 3.04.20
[    1.629689] Copyright (c) 1999-2008 LSI Corporation
[    1.655698] AVX2 version of gcm_enc/dec engaged.
[    1.656782] AES CTR mode by8 optimization enabled
[    1.658004] Fusion MPT SPI Host driver 3.04.20
[    1.849627] input: ImExPS/2 Generic Explorer Mouse as /devices/platform/i8042/serio1/input/input4
[    2.081260] e1000 0000:00:03.0 eth0: (PCI:33MHz:32-bit) 02:43:0e:00:05:fc
[    2.082766] e1000 0000:00:03.0 eth0: Intel(R) PRO/1000 Network Connection
[    2.507098] e1000 0000:00:08.0 eth1: (PCI:33MHz:32-bit) 08:00:27:fa:67:29
[    2.508750] e1000 0000:00:08.0 eth1: Intel(R) PRO/1000 Network Connection
[    2.511388] e1000 0000:00:08.0 enp0s8: renamed from eth1
[    2.513121] mptbase: ioc0: Initiating bringup
[    2.528627] e1000 0000:00:03.0 enp0s3: renamed from eth0
[    2.961512] ioc0: LSI53C1030 A0: Capabilities={Initiator}
[    4.671231] scsi host2: ioc0: LSI53C1030 A0, FwRev=00000000h, Ports=1, MaxQ=256, IRQ=20
[    6.625509] scsi 2:0:0:0: Direct-Access     VBOX     HARDDISK         1.0  PQ: 0 ANSI: 5
[    7.540533] scsi target2:0:0: Beginning Domain Validation
[    7.544588] scsi target2:0:0: Domain Validation skipping write tests
[    7.546225] scsi target2:0:0: Ending Domain Validation
[    7.547532] scsi target2:0:0: asynchronous
[    7.549176] scsi 2:0:1:0: Direct-Access     VBOX     HARDDISK         1.0  PQ: 0 ANSI: 5
[    8.160368] scsi target2:0:1: Beginning Domain Validation
[    8.165456] random: fast init done
[    8.166711] scsi target2:0:1: Domain Validation skipping write tests
[    8.168255] scsi target2:0:1: Ending Domain Validation
[    8.169568] scsi target2:0:1: asynchronous
[    8.175083] random: systemd-udevd: uninitialized urandom read (16 bytes read)
[    8.176627] random: systemd-udevd: uninitialized urandom read (16 bytes read)
[    8.178164] random: systemd-udevd: uninitialized urandom read (16 bytes read)
[    8.180296] sd 2:0:0:0: Attached scsi generic sg0 type 0
[    8.181643] sd 2:0:0:0: [sda] 20971520 512-byte logical blocks: (10.7 GB/10.0 GiB)
[    8.181891] sd 2:0:1:0: Attached scsi generic sg1 type 0
[    8.184906] sd 2:0:0:0: [sda] Write Protect is off
[    8.186483] sd 2:0:1:0: [sdb] 20480 512-byte logical blocks: (10.5 MB/10.0 MiB)
[    8.188177] sd 2:0:0:0: [sda] Incomplete mode parameter data
[    8.189384] sd 2:0:0:0: [sda] Assuming drive cache: write through
[    8.191211] sd 2:0:1:0: [sdb] Write Protect is off
[    8.192534] sd 2:0:1:0: [sdb] Incomplete mode parameter data
[    8.193737] sd 2:0:1:0: [sdb] Assuming drive cache: write through
[    8.196590]  sda: sda1
[    8.198225] sd 2:0:0:0: [sda] Attached SCSI disk
[    8.199628] sd 2:0:1:0: [sdb] Attached SCSI disk
Begin: Loading essential drivers ... [    9.636231] raid6: sse2x1   gen() 10606 MB/s
[    9.684040] raid6: sse2x1   xor()  6941 MB/s
[    9.732026] raid6: sse2x2   gen() 12064 MB/s
[    9.780113] raid6: sse2x2   xor()  8365 MB/s
[    9.828182] raid6: sse2x4   gen() 15471 MB/s
[    9.876229] raid6: sse2x4   xor()  8861 MB/s
[    9.924061] raid6: avx2x1   gen() 20052 MB/s
[    9.972258] raid6: avx2x1   xor() 13990 MB/s
[   10.020074] raid6: avx2x2   gen() 24815 MB/s
[   10.068023] raid6: avx2x2   xor() 15124 MB/s
[   10.116013] raid6: avx2x4   gen() 28141 MB/s
[   10.164246] raid6: avx2x4   xor() 18309 MB/s
[   10.165175] raid6: using algorithm avx2x4 gen() 28141 MB/s
[   10.166393] raid6: .... xor() 18309 MB/s, rmw enabled
[   10.167728] raid6: using avx2x2 recovery algorithm
[   10.170041] xor: automatically using best checksumming function   avx       
[   10.172715] async_tx: api initialized (async)
done.
Begin: Running /scripts/init-premount ... done.
Begin: Mounting root file system ... Begin: Running /scripts/local-top ... done.
Begin: Running /scripts/local-premount ... [   10.213126] Btrfs loaded, crc32c=crc32c-intel
Scanning for Btrfs filesystems
done.
Warning: fsck not present, so skipping root file system
[   10.253471] EXT4-fs (sda1): mounted filesystem with ordered data mode. Opts: (null)
done.
Begin: Running /scripts/local-bottom ... done.
Begin: Running /scripts/init-bottom ... done.
[   10.434665] ip_tables: (C) 2000-2006 Netfilter Core Team
[   10.446906] systemd[1]: systemd 237 running in system mode. (+PAM +AUDIT +SELINUX +IMA +APPARMOR +SMACK +SYSVINIT +UTMP +LIBCRYPTSETUP +GCRYPT +GNUTLS +ACL +XZ +LZ4 +SECCOMP +BLKID +ELFUTILS +KMOD -IDN2 +IDN -PCRE2 default-hierarchy=hybrid)
[   10.452008] systemd[1]: Detected virtualization oracle.
[   10.453779] systemd[1]: Detected architecture x86-64.

Welcome to [1mUbuntu 18.04.4 LTS[0m!

[   10.473060] systemd[1]: Set hostname to <ubuntu>.
[   10.481975] systemd[1]: Initializing machine ID from random generator.
[   10.483559] systemd[1]: Installed transient /etc/machine-id file.
[   10.764190] systemd[1]: Reached target System Time Synchronized.
[[0;32m  OK  [0m] Reached target System Time Synchronized.
[   10.767407] systemd[1]: Set up automount Arbitrary Executable File Formats File System Automount Point.
[[0;32m  OK  [0m] Set up automount Arbitrary Executab…rmats File System Automount Point.
[   10.774269] systemd[1]: Created slice User and Session Slice.
[[0;32m  OK  [0m] Created slice User and Session Slice.
[   10.776491] systemd[1]: Reached target User and Group Name Lookups.
[[0;32m  OK  [0m] Reached target User and Group Name Lookups.
[[0;32m  OK  [0m] Started Forward Password Requests to Wall Directory Watch.
[[0;32m  OK  [0m] Created slice System Slice.
[[0;32m  OK  [0m] Listening on Journal Audit Socket.
[[0;32m  OK  [0m] Listening on Journal Socket.
         Starting Remount Root and Kernel File Systems...
[[0;32m  OK  [0m] Listening on Device-mapper event daemon FIFOs.
[[0;32m  OK  [0m] Listening on LVM2 metadata daemon socket.
         Starting Uncomplicated firewall...
[[0;32m  OK  [0m] Listening on Syslog Socket.
[   10.798227] EXT4-fs (sda1): re-mounted. Opts: (null)
         Mounting Huge Pages File System...
         Mounting Kernel Debug File System...
[[0;32m  OK  [0m] Listening on udev Kernel Socket.
         Mounting POSIX Message Queue File System...
[[0;32m  OK  [0m] Listening on Journal Socket (/dev/log).
         Starting Load Kernel Modules...
         Starting Set the console keyboard layout...
         Starting Journal Service...
[   10.851574] Loading iSCSI transport class v2.0-870.
[[0;32m  OK  [0m] Reached target Slices.
[[0;32m  OK  [0m] Listening on Network Service Netlink Socket.
         Starting Monitoring of LVM2 mirrors…ng dmeventd or progress polling...
[[0;32m  OK  [0m] Created slice system-serial\x2dgetty.slice.
[[0;32m  OK  [0m] Listening on /dev/initctl Compatibility Named Pipe.
[[0;32m  OK  [0m] Listening on udev Control Socket.
         Starting udev Coldplug all Devices...
[   11.551789] iscsi: registered transport (tcp)
[[0;32m  OK  [0m] Reached target Swap.
[[0;32m  OK  [0m] Listening on LVM2 poll daemon socket.
         Starting Create list of required st…ce nodes for the current kernel...
[[0;32m  OK  [0m] Started Remount Root and Kernel File Systems.
[[0;32m  OK  [0m] Started Uncomplicated firewall.
[[0;32m  OK  [0m] Mounted Huge Pages File System.
[[0;32m  OK  [0m] Mounted Kernel Debug File System.
[[0;32m  OK  [0m] Mounted POSIX Message Queue File System.
[[0;32m  OK  [0m] Started LVM2 metadata daemon.
[   11.615927] iscsi: registered transport (iser)
         Starting Load/Save Random Seed...
[[0;32m  OK  [0m] Started Journal Service.
[[0;32m  OK  [0m] Started Load Kernel Modules.
[[0;32m  OK  [0m] Started Create list of required sta…vice nodes for the current kernel.
         Starting Create Static Device Nodes in /dev...
         Mounting Kernel Configuration File System...
         Starting Apply Kernel Variables...
         Mounting FUSE Control File System...
         Starting Flush Journal to Persistent Storage...
[[0;32m  OK  [0m] Mounted Kernel Configuration File System.
[[0;32m  OK  [0m] Mounted FUSE Control File System.
[[0;32m  OK  [0m] Started Load/Save Random Seed.
[[0;32m  OK  [0m] Started Monitoring of LVM2 mirrors,…sing dmeventd or progress polling.
[[0;32m  OK  [0m] Started udev Coldplug all Devices.
[[0;32m  OK  [0m] Started Apply Kernel Variables.
[[0;32m  OK  [0m] Started Create Static Device Nodes in /dev.
         Starting udev Kernel Device Manager...
[[0;32m  OK  [0m] Started Flush Journal to Persistent Storage.
[[0;32m  OK  [0m] Started udev Kernel Device Manager.
[[0;32m  OK  [0m] Started Set the console keyboard layout.
[[0;32m  OK  [0m] Reached target Local File Systems (Pre).
[[0;32m  OK  [0m] Reached target Local File Systems.
         Starting Tell Plymouth To Write Out Runtime Data...
         Starting Set console font and keymap...
         Starting Create Volatile Files and Directories...
         Starting Commit a transient machine-id on disk...
         Starting AppArmor initialization...
         Starting ebtables ruleset management...
[[0;32m  OK  [0m] Started Dispatch Password Requests to Console Directory Watch.
[[0;32m  OK  [0m] Reached target Local Encrypted Volumes.
[[0;32m  OK  [0m] Started Set console font and keymap.
[[0;32m  OK  [0m] Started Tell Plymouth To Write Out Runtime Data.
[[0;32m  OK  [0m] Started Create Volatile Files and Directories.
[[0;32m  OK  [0m] Started Commit a transient machine-id on disk.
         Starting Update UTMP about System Boot/Shutdown...
[[0;32m  OK  [0m] Started Update UTMP about System Boot/Shutdown.
[[0;32m  OK  [0m] Started ebtables ruleset management.
[[0;32m  OK  [0m] Found device /dev/ttyS0.
[[0;32m  OK  [0m] Listening on Load/Save RF Kill Switch Status /dev/rfkill Watch.
[[0;32m  OK  [0m] Started AppArmor initialization.
         Starting Initial cloud-init job (pre-networking)...
[   13.747333] cloud-init[546]: Cloud-init v. 19.4-33-gbb4131a2-0ubuntu1~18.04.1 running 'init-local' at Mon, 11 May 2020 20:22:30 +0000. Up 13.40 seconds.
[[0;32m  OK  [0m] Started Initial cloud-init job (pre-networking).
[[0;32m  OK  [0m] Reached target Network (Pre).
         Starting Network Service...
[[0;32m  OK  [0m] Started Network Service.
         Starting Network Name Resolution...
         Starting Wait for Network to be Configured...
[[0;32m  OK  [0m] Started Network Name Resolution.
[[0;32m  OK  [0m] Reached target Network.
[[0;32m  OK  [0m] Reached target Host and Network Name Lookups.
[[0;32m  OK  [0m] Started Wait for Network to be Configured.
         Starting Initial cloud-init job (metadata service crawler)...
[   15.929843] cloud-init[667]: Cloud-init v. 19.4-33-gbb4131a2-0ubuntu1~18.04.1 running 'init' at Mon, 11 May 2020 20:22:32 +0000. Up 15.79 seconds.
[   15.932308] cloud-init[667]: ci-info: +++++++++++++++++++++++++++++++++++++Net device info++++++++++++++++++++++++++++++++++++++
[   15.944480] cloud-init[667]: ci-info: +--------+-------+--------------------------+---------------+--------+-------------------+
[   15.946633] cloud-init[667]: ci-info: | Device |   Up  |         Address          |      Mask     | Scope  |     Hw-Address    |
[   15.948671] cloud-init[667]: ci-info: +--------+-------+--------------------------+---------------+--------+-------------------+
[   15.950801] cloud-init[667]: ci-info: | enp0s3 |  True |        10.0.2.15         | 255.255.255.0 | global | 02:43:0e:00:05:fc |
[   15.952823] cloud-init[667]: ci-info: | enp0s3 |  True | fe80::43:eff:fe00:5fc/64 |       .       |  link  | 02:43:0e:00:05:fc |
[   15.955402] cloud-init[667]: ci-info: | enp0s8 | False |            .             |       .       |   .    | 08:00:27:fa:67:29 |
[   15.957581] cloud-init[667]: ci-info: |   lo   |  True |        127.0.0.1         |   255.0.0.0   |  host  |         .         |
[   15.972425] cloud-init[667]: ci-info: |   lo   |  True |         ::1/128          |       .       |  host  |         .         |
[   15.974123] cloud-init[667]: ci-info: +--------+-------+--------------------------+---------------+--------+-------------------+
[   15.976161] cloud-init[667]: ci-info: ++++++++++++++++++++++++++++Route IPv4 info+++++++++++++++++++++++++++++
[   15.977777] cloud-init[667]: ci-info: +-------+-------------+----------+-----------------+-----------+-------+
[   15.979617] cloud-init[667]: ci-info: | Route | Destination | Gateway  |     Genmask     | Interface | Flags |
[   15.981317] cloud-init[667]: ci-info: +-------+-------------+----------+-----------------+-----------+-------+
[   15.992517] cloud-init[667]: ci-info: |   0   |   0.0.0.0   | 10.0.2.2 |     0.0.0.0     |   enp0s3  |   UG  |
[   16.004261] cloud-init[667]: ci-info: |   1   |   10.0.2.0  | 0.0.0.0  |  255.255.255.0  |   enp0s3  |   U   |
[   16.016584] cloud-init[667]: ci-info: |   2   |   10.0.2.2  | 0.0.0.0  | 255.255.255.255 |   enp0s3  |   UH  |
[   16.018792] cloud-init[667]: ci-info: +-------+-------------+----------+-----------------+-----------+-------+
[   16.020510] cloud-init[667]: ci-info: +++++++++++++++++++Route IPv6 info+++++++++++++++++++
[   16.022141] cloud-init[667]: ci-info: +-------+-------------+---------+-----------+-------+
[   16.037910] cloud-init[667]: ci-info: | Route | Destination | Gateway | Interface | Flags |
[   16.039199] cloud-init[667]: ci-info: +-------+-------------+---------+-----------+-------+
[   16.056356] cloud-init[667]: ci-info: |   1   |  fe80::/64  |    ::   |   enp0s3  |   U   |
[   16.057773] cloud-init[667]: ci-info: |   3   |    local    |    ::   |   enp0s3  |   U   |
[   16.059193] cloud-init[667]: ci-info: |   4   |   ff00::/8  |    ::   |   enp0s3  |   U   |
[   16.060601] cloud-init[667]: ci-info: +-------+-------------+---------+-----------+-------+
[   17.757787] cloud-init[667]: Generating public/private rsa key pair.
[   17.759360] cloud-init[667]: Your identification has been saved in /etc/ssh/ssh_host_rsa_key.
[   17.760626] cloud-init[667]: Your public key has been saved in /etc/ssh/ssh_host_rsa_key.pub.
[   17.762225] cloud-init[667]: The key fingerprint is:
[   17.763182] cloud-init[667]: SHA256:nRgNooAy2CquHvWqrY+gmOigjxJ/K+R2pAKueY0Ihzo root@ubuntu-bionic
[   17.765030] cloud-init[667]: The key's randomart image is:
[   17.766125] cloud-init[667]: +---[RSA 2048]----+
[   17.767179] cloud-init[667]: |.o.   . .        |
[   17.768274] cloud-init[667]: |= .. . . o       |
[   17.769363] cloud-init[667]: |.o  .   . .      |
[   17.770342] cloud-init[667]: |o        + .     |
[   17.771294] cloud-init[667]: |o. .    S o      |
[   17.772315] cloud-init[667]: |=.+ o            |
[   17.773278] cloud-init[667]: |OO = .           |
[   17.774235] cloud-init[667]: |E=% =            |
[   17.775190] cloud-init[667]: |#%=B..           |
[   17.776195] cloud-init[667]: +----[SHA256]-----+
[   17.777149] cloud-init[667]: Generating public/private dsa key pair.
[   17.778374] cloud-init[667]: Your identification has been saved in /etc/ssh/ssh_host_dsa_key.
[   17.779961] cloud-init[667]: Your public key has been saved in /etc/ssh/ssh_host_dsa_key.pub.
[   17.781565] cloud-init[667]: The key fingerprint is:
[   17.782580] cloud-init[667]: SHA256:lAR7LiFZjciXPDm8Pnx3zuIzD/Fo2u2hKx/FO45XZHY root@ubuntu-bionic
[   17.784242] cloud-init[667]: The key's randomart image is:
[   17.785322] cloud-init[667]: +---[DSA 1024]----+
[   17.786293] cloud-init[667]: |   . +o*.        |
[   17.787240] cloud-init[667]: |    ooXo..       |
[   17.788344] cloud-init[667]: |    o.o++        |
[   17.800584] cloud-init[667]: |     ..=   .  + E|
[[   17.801444] cloud-init[667]: |     o. S . o+ . |
[   17.802290] cloud-init[667]: |      +.. .=...  |
[   17.802708] cloud-init[667]: |       o .=+=.   |
[   17.803722] cloud-init[667]: |        .++B+o   |
[   17.803927] cloud-init[667]: |        .+BO=    |
[   17.804290] cloud-init[667]: +----[SHA256]-----+
[   17.804587] cloud-init[667]: Generating public/private ecdsa key pair.
[   17.805034] cloud-init[667]: Your identification has been saved in /etc/ssh/ssh_host_ecdsa_key.
[   17.805796] cloud-init[667]: Your public key has been saved in /etc/ssh/ssh_host_ecdsa_key.pub.
[   17.806825] cloud-init[667]: The key fingerprint is:
[   17.807946] cloud-init[667]: SHA256:EEAvEr23Q/aI+IhPWuZ7ajRrP/PVgnm9oY4G3IoN8r0 root@ubuntu-bionic
[   17.809077] cloud-init[667]: The key's randomart image is:
[   17.810735] [0;32m  OK  [0mcloud-init[667]: +---[ECDSA 256]---+
[   17.811742] cloud-init[667]: |  .oo..          |
[   17.812234] cloud-init[667]: |   ... .         |
[   17.813033] cloud-init[667]: |  . ..o          |
[   17.813398] cloud-init[667]: |   ...+.         |
[   17.813824] cloud-init[667]: |   o * +S        |
[   17.814500] cloud-init[667]: |. = + =o.o       |
[   17.814716] cloud-init[667]: | =+X oo.+ +      |
[   17.815336] cloud-init[667]: |.*B O .+ o o     |
[   17.815439] cloud-init[667]: |.+==E*o.o .      |
[   17.816539] cloud-init[667]: +----[SHA256]-----+
[   17.817085] cloud-init[667]: Generating public/private ed25519 key pair.
[   17.817777] cloud-init[667]: Your identification has been saved in /etc/ssh/ssh_host_ed25519_key.
[   17.818973] cloud-init[667]: Your public key has been saved in /etc/ssh/ssh_host_ed25519_key.pub.
] Started Initial cloud-init job (metadata service crawler).[   17.820288] 
cloud-init[667]: The key fingerprint is:
[   17.820340] cloud-init[667]: SHA256:isaUtgsIwxdrhDlgLIcUisjoH/veqRX+q0Zoz9P/9Gw root@ubuntu-bionic
[   17.825066] cloud-init[667]: The key's randomart image is:
[[   17.826134] cloud-init[667]: +--[ED25519 256]--+
[   17.826250] cloud-init[667]: |+=.              |
[   17.827304] cloud-init[667]: |@.+              |
[   17.827828] cloud-init[667]: |** o             |
[   17.829072] cloud-init[667]: |o o o.           |
[   17.829279] cloud-init[667]: |oo =+ ..S        |
[   17.830219] cloud-init[667]: |.o++o=.o.        |
[   17.830730] cloud-init[667]: |. .o* =o.    .   |
[   17.831785] cloud-init[667]: |   o..o=o.  . oE |
[   17.832360] cloud-init[667]: |    o+o+ooo....o |
[   17.833361] cloud-init[667]: +----[SHA256]-----+
[0;32m  OK  [0m] Reached target System Initialization.
         Starting LXD - unix socket.
[[0;32m  OK  [0m] Started Discard unused blocks once a week.
[[0;32m  OK  [0m] Listening on ACPID Listen Socket.
[[0;32m  OK  [0m] Started Message of the Day.
         Starting Socket activation for snappy daemon.
[[0;32m  OK  [0m] Listening on UUID daemon activation socket.
[[0;32m  OK  [0m] Listening on D-Bus System Message Bus Socket.
[[0;32m  OK  [0m] Started ACPI Events Check.
[[0;32m  OK  [0m] Reached target Paths.
[[0;32m  OK  [0m] Started Daily Cleanup of Temporary Directories.
[[0;32m  OK  [0m] Listening on Open-iSCSI iscsid Socket.
[[0;32m  OK  [0m] Started Daily apt download activities.
[[0;32m  OK  [0m] Started Daily apt upgrade and clean activities.
[[0;32m  OK  [0m] Reached target Timers.
[[0;32m  OK  [0m] Reached target Network is Online.
[[0;32m  OK  [0m] Reached target Remote File Systems (Pre).
[[0;32m  OK  [0m] Reached target Remote File Systems.
         Starting Availability of block devices...
[[0;32m  OK  [0m] Reached target Cloud-config availability.
[[0;32m  OK  [0m] Listening on LXD - unix socket.
[[0;32m  OK  [0m] Listening on Socket activation for snappy daemon.
[[0;32m  OK  [0m] Started Availability of block devices.
[[0;32m  OK  [0m] Reached target Sockets.
[[0;32m  OK  [0m] Reached target Basic System.
[[0;32m  OK  [0m] Started Regular background program processing daemon.
         Starting System Logging Service...
         Starting LSB: Record successful boot for GRUB...
         Starting Dispatcher daemon for systemd-networkd...
         Starting Pollinate to seed the pseudo random number generator...
[[0;32m  OK  [0m] Started FUSE filesystem for LXC.
         Starting Virtualbox guest utils...
[[0;32m  OK  [0m] Started Deferred execution scheduler.
         Starting Login Service...
         Starting Snappy daemon...
[[0;32m  OK  [0m] Started irqbalance daemon.
         Starting Accounts Service...
[[0;32m  OK  [0m] Started D-Bus System Message Bus.
[[0;32m  OK  [0m] Started Login Service.
[[0;32m  OK  [0m] Started Unattended Upgrades Shutdown.
         Starting LSB: automatic crash report generation...
         Starting Permit User Sessions...
         Starting LXD - container startup/shutdown...
[[0;32m  OK  [0m] Started System Logging Service.
[[0;32m  OK  [0m] Started Permit User Sessions.
         Starting Terminate Plymouth Boot Screen...
         Starting Hold until boot process finishes up...
[[0;32m  OK  [0m] Started Hold until boot process finishes up.
[[0;32m  OK  [0m] Started Serial Getty on ttyS0.
         Starting Set console scheme...
[[0;32m  OK  [0m] Started Terminate Plymouth Boot Screen.
[[0;32m  OK  [0m] Started Set console scheme.
[[0;32m  OK  [0m] Created slice system-getty.slice.
[[0;32m  OK  [0m] Started Getty on tty1.
[[0;32m  OK  [0m] Reached target Login Prompts.
         Starting Authorization Manager...
[[0;32m  OK  [0m] Started LXD - container startup/shutdown.
[[0;32m  OK  [0m] Started LSB: Record successful boot for GRUB.
[[0;32m  OK  [0m] Started LSB: automatic crash report generation.
[[0;32m  OK  [0m] Started Virtualbox guest utils.
[[0;32m  OK  [0m] Started Authorization Manager.
[[0;32m  OK  [0m] Started Accounts Service.
[[0;32m  OK  [0m] Started Dispatcher daemon for systemd-networkd.
[[0;32m  OK  [0m] Started Snappy daemon.
         Starting Wait until snapd is fully seeded...
[[0;32m  OK  [0m] Started Pollinate to seed the pseudo random number generator.
         Starting OpenBSD Secure Shell server...
[[0;32m  OK  [0m] Started OpenBSD Secure Shell server.
[[0;32m  OK  [0m] Created slice User Slice of vagrant.
         Starting User Manager for UID 1000...
[[0;32m  OK  [0m] Started Session 1 of user vagrant.
[[0;32m  OK  [0m] Started User Manager for UID 1000.
[[0;32m  OK  [0m] Started Wait until snapd is fully seeded.
         Starting Apply the settings specified in cloud-config...
[[0;32m  OK  [0m] Reached target Multi-User System.
[[0;32m  OK  [0m] Reached target Graphical Interface.
         Starting Update UTMP about System Runlevel Changes...
[[0;32m  OK  [0m] Started Update UTMP about System Runlevel Changes.
[   22.939633] cloud-init[1351]: Cloud-init v. 19.4-33-gbb4131a2-0ubuntu1~18.04.1 running 'modules:config' at Mon, 11 May 2020 20:22:39 +0000. Up 22.50 seconds.
         Stopping User Manager for UID 1000...
[[0;32m  OK  [0m] Started Apply the settings specified in cloud-config.
         Starting Execute cloud user/final scripts...
[[0;32m  OK  [0m] Stopped User Manager for UID 1000.
[[0;32m  OK  [0m] Removed slice User Slice of vagrant.
[[0;32m  OK  [0m] Created slice User Slice of vagrant.
         Starting User Manager for UID 1000...
[[0;32m  OK  [0m] Started Session 3 of user vagrant.
[[0;32m  OK  [0m] Started User Manager for UID 1000.
ci-info: no authorized SSH keys fingerprints found for user ubuntu.
<14>May 11 20:22:40 ec2: 
<14>May 11 20:22:40 ec2: #############################################################
<14>May 11 20:22:40 ec2: -----BEGIN SSH HOST KEY FINGERPRINTS-----
<14>May 11 20:22:40 ec2: 1024 SHA256:lAR7LiFZjciXPDm8Pnx3zuIzD/Fo2u2hKx/FO45XZHY root@ubuntu-bionic (DSA)
<14>May 11 20:22:40 ec2: 256 SHA256:EEAvEr23Q/aI+IhPWuZ7ajRrP/PVgnm9oY4G3IoN8r0 root@ubuntu-bionic (ECDSA)
<14>May 11 20:22:40 ec2: 256 SHA256:isaUtgsIwxdrhDlgLIcUisjoH/veqRX+q0Zoz9P/9Gw root@ubuntu-bionic (ED25519)
<14>May 11 20:22:40 ec2: 2048 SHA256:nRgNooAy2CquHvWqrY+gmOigjxJ/K+R2pAKueY0Ihzo root@ubuntu-bionic (RSA)
<14>May 11 20:22:40 ec2: -----END SSH HOST KEY FINGERPRINTS-----
<14>May 11 20:22:40 ec2: #############################################################
-----BEGIN SSH HOST KEY KEYS-----
ecdsa-sha2-nistp256 AAAAE2VjZHNhLXNoYTItbmlzdHAyNTYAAAAIbmlzdHAyNTYAAABBBGmwLZdRWEwgH0QGG694agxdxlGpJJzf4I9oXMDuBhTpdrcXK6PMPEFT+VeVlzrIhScVJrL91xPXGyOhGwI8c1E= root@ubuntu-bionic
ssh-ed25519 AAAAC3NzaC1lZDI1NTE5AAAAIF6VT34Ussb0CQ/ivZSLNu71JExoje/PTB5U+P59xR0A root@ubuntu-bionic
ssh-rsa AAAAB3NzaC1yc2EAAAADAQABAAABAQDS/jNvKWzw2H6u0vIYA44zPSv8hv+LQFOXoAXmtDbLm/gITu0TNfPG4y2WCJ0WNpTON0tvl+FiIorPpZ9gSm0t3Gfz+cB/33dZ0m+fGaeh3aN5QpgmySvOI7dEFFcM2jkLAthSiAw2H4xcLVRsBa51Qdph8TP9zt60ouZYRh8D5ZCre2IXM7Dg0m+/kloPBwobko0CNeZB507+fLtRAe88jdTWmKMzhTAWSjca2L/tmQZwK7Le53QmKDeId0wE3cULSqrl+J3oQsIaxqrrdmHXkh9/gnsFS/BMV3T1jV4yuxjbP2g69RmVczb4njELCMrZ5BITG5LKfQ5Czl9AHXwn root@ubuntu-bionic
-----END SSH HOST KEY KEYS-----
[   23.537719] cloud-init[1545]: Cloud-init v. 19.4-33-gbb4131a2-0ubuntu1~18.04.1 running 'modules:final' at Mon, 11 May 2020 20:22:40 +0000. Up 23.40 seconds.
[   23.538464] cloud-init[1545]: ci-info: no authorized SSH keys fingerprints found for user ubuntu.
[   23.540164] cloud-init[1545]: Cloud-init v. 19.4-33-gbb4131a2-0ubuntu1~18.04.1 finished at Mon, 11 May 2020 20:22:40 +0000. Datasource DataSourceNoCloud [seed=/dev/sdb][dsmode=net].  Up 23.52 seconds

Ubuntu 18.04.4 LTS ubuntu-bionic ttyS0

ubuntu-bionic login: 